<?xml version="1.0" encoding="UTF-8"?>
<!-- Generated by org.testng.reporters.JUnitReportReporter -->
<testsuite hostname="DESKTOP-6ENKMPS" failures="0" tests="1" name="Pages.Beginner" time="30.490" errors="0" timestamp="2023-12-30T18:13:07 GMT-08:00" skipped="0">
  <testcase classname="Pages.Beginner" name="test" time="30.490"/>
  <system-out/>
</testsuite> <!-- Pages.Beginner -->
